{
  "meta": {
    "format": 2,
    "version": "7.5.1",
    "timestamp": "2024-05-23T22:50:40.957946",
    "branch_coverage": false,
    "show_contexts": false
  },
  "files": {
    "config/__init__.py": {
      "executed_lines": [
        1,
        3
      ],
      "summary": {
        "covered_lines": 2,
        "num_statements": 2,
        "percent_covered": 100.0,
        "percent_covered_display": "100",
        "missing_lines": 0,
        "excluded_lines": 0
      },
      "missing_lines": [],
      "excluded_lines": []
    },
    "config/celery.py": {
      "executed_lines": [
        1,
        3,
        5,
        7,
        9,
        12
      ],
      "summary": {
        "covered_lines": 6,
        "num_statements": 6,
        "percent_covered": 100.0,
        "percent_covered_display": "100",
        "missing_lines": 0,
        "excluded_lines": 0
      },
      "missing_lines": [],
      "excluded_lines": []
    },
    "config/settings.py": {
      "executed_lines": [
        1,
        12,
        13,
        15,
        16,
        17,
        20,
        22,
        28,
        31,
        33,
        38,
        55,
        66,
        68,
        84,
        90,
        103,
        122,
        124,
        125,
        127,
        129,
        135,
        140,
        142,
        144,
        153,
        154,
        155,
        157,
        158,
        159,
        161,
        162,
        164,
        166,
        173,
        174
      ],
      "summary": {
        "covered_lines": 38,
        "num_statements": 38,
        "percent_covered": 100.0,
        "percent_covered_display": "100",
        "missing_lines": 0,
        "excluded_lines": 0
      },
      "missing_lines": [],
      "excluded_lines": []
    },
    "config/urls.py": {
      "executed_lines": [
        1,
        17,
        18,
        19,
        20,
        21,
        23,
        36
      ],
      "summary": {
        "covered_lines": 7,
        "num_statements": 7,
        "percent_covered": 100.0,
        "percent_covered_display": "100",
        "missing_lines": 0,
        "excluded_lines": 0
      },
      "missing_lines": [],
      "excluded_lines": []
    },
    "habit/__init__.py": {
      "executed_lines": [
        0
      ],
      "summary": {
        "covered_lines": 0,
        "num_statements": 0,
        "percent_covered": 100.0,
        "percent_covered_display": "100",
        "missing_lines": 0,
        "excluded_lines": 0
      },
      "missing_lines": [],
      "excluded_lines": []
    },
    "habit/admin.py": {
      "executed_lines": [
        1,
        3,
        5
      ],
      "summary": {
        "covered_lines": 3,
        "num_statements": 3,
        "percent_covered": 100.0,
        "percent_covered_display": "100",
        "missing_lines": 0,
        "excluded_lines": 0
      },
      "missing_lines": [],
      "excluded_lines": []
    },
    "habit/apps.py": {
      "executed_lines": [
        1,
        4,
        5,
        6
      ],
      "summary": {
        "covered_lines": 4,
        "num_statements": 4,
        "percent_covered": 100.0,
        "percent_covered_display": "100",
        "missing_lines": 0,
        "excluded_lines": 0
      },
      "missing_lines": [],
      "excluded_lines": []
    },
    "habit/migrations/0001_initial.py": {
      "executed_lines": [
        3,
        4,
        5,
        8,
        10,
        12,
        16
      ],
      "summary": {
        "covered_lines": 7,
        "num_statements": 7,
        "percent_covered": 100.0,
        "percent_covered_display": "100",
        "missing_lines": 0,
        "excluded_lines": 0
      },
      "missing_lines": [],
      "excluded_lines": []
    },
    "habit/migrations/__init__.py": {
      "executed_lines": [
        0
      ],
      "summary": {
        "covered_lines": 0,
        "num_statements": 0,
        "percent_covered": 100.0,
        "percent_covered_display": "100",
        "missing_lines": 0,
        "excluded_lines": 0
      },
      "missing_lines": [],
      "excluded_lines": []
    },
    "habit/models.py": {
      "executed_lines": [
        1,
        2,
        10,
        13,
        14,
        15,
        16,
        17,
        18,
        19,
        21,
        22,
        23,
        24,
        26,
        29,
        30,
        31
      ],
      "summary": {
        "covered_lines": 18,
        "num_statements": 19,
        "percent_covered": 94.73684210526316,
        "percent_covered_display": "95",
        "missing_lines": 1,
        "excluded_lines": 0
      },
      "missing_lines": [
        27
      ],
      "excluded_lines": []
    },
    "habit/paginators.py": {
      "executed_lines": [
        1,
        4,
        5,
        6,
        7
      ],
      "summary": {
        "covered_lines": 5,
        "num_statements": 5,
        "percent_covered": 100.0,
        "percent_covered_display": "100",
        "missing_lines": 0,
        "excluded_lines": 0
      },
      "missing_lines": [],
      "excluded_lines": []
    },
    "habit/serializers.py": {
      "executed_lines": [
        1,
        3,
        4,
        8,
        9,
        10,
        11,
        12
      ],
      "summary": {
        "covered_lines": 8,
        "num_statements": 8,
        "percent_covered": 100.0,
        "percent_covered_display": "100",
        "missing_lines": 0,
        "excluded_lines": 0
      },
      "missing_lines": [],
      "excluded_lines": []
    },
    "habit/tests.py": {
      "executed_lines": [
        1,
        2,
        3,
        4,
        5,
        7,
        8,
        11,
        13,
        15,
        16,
        17,
        19,
        30,
        31,
        32,
        33,
        45,
        46,
        47,
        49,
        50,
        51,
        53,
        54,
        60,
        61,
        63,
        64,
        70,
        71,
        73,
        74,
        75
      ],
      "summary": {
        "covered_lines": 34,
        "num_statements": 34,
        "percent_covered": 100.0,
        "percent_covered_display": "100",
        "missing_lines": 0,
        "excluded_lines": 0
      },
      "missing_lines": [],
      "excluded_lines": []
    },
    "habit/urls.py": {
      "executed_lines": [
        1,
        3,
        4,
        7,
        9
      ],
      "summary": {
        "covered_lines": 5,
        "num_statements": 5,
        "percent_covered": 100.0,
        "percent_covered_display": "100",
        "missing_lines": 0,
        "excluded_lines": 0
      },
      "missing_lines": [],
      "excluded_lines": []
    },
    "habit/validators.py": {
      "executed_lines": [
        1,
        4,
        5,
        6,
        12,
        13,
        14,
        20,
        21,
        22,
        28,
        29,
        30,
        36,
        37,
        38
      ],
      "summary": {
        "covered_lines": 16,
        "num_statements": 21,
        "percent_covered": 76.19047619047619,
        "percent_covered_display": "76",
        "missing_lines": 5,
        "excluded_lines": 0
      },
      "missing_lines": [
        7,
        15,
        23,
        31,
        39
      ],
      "excluded_lines": []
    },
    "habit/views.py": {
      "executed_lines": [
        1,
        2,
        4,
        5,
        6,
        7,
        10,
        11,
        12,
        13,
        15,
        16,
        17,
        20,
        21,
        22,
        23,
        24,
        27,
        28,
        29,
        30,
        33,
        34,
        35,
        36,
        37,
        40,
        41,
        42,
        43,
        44
      ],
      "summary": {
        "covered_lines": 27,
        "num_statements": 27,
        "percent_covered": 100.0,
        "percent_covered_display": "100",
        "missing_lines": 0,
        "excluded_lines": 0
      },
      "missing_lines": [],
      "excluded_lines": []
    },
    "manage.py": {
      "executed_lines": [
        2,
        3,
        4,
        7,
        9,
        10,
        11,
        18,
        21,
        22
      ],
      "summary": {
        "covered_lines": 10,
        "num_statements": 12,
        "percent_covered": 83.33333333333333,
        "percent_covered_display": "83",
        "missing_lines": 2,
        "excluded_lines": 0
      },
      "missing_lines": [
        12,
        13
      ],
      "excluded_lines": []
    },
    "users/__init__.py": {
      "executed_lines": [
        0
      ],
      "summary": {
        "covered_lines": 0,
        "num_statements": 0,
        "percent_covered": 100.0,
        "percent_covered_display": "100",
        "missing_lines": 0,
        "excluded_lines": 0
      },
      "missing_lines": [],
      "excluded_lines": []
    },
    "users/admin.py": {
      "executed_lines": [
        1
      ],
      "summary": {
        "covered_lines": 1,
        "num_statements": 1,
        "percent_covered": 100.0,
        "percent_covered_display": "100",
        "missing_lines": 0,
        "excluded_lines": 0
      },
      "missing_lines": [],
      "excluded_lines": []
    },
    "users/apps.py": {
      "executed_lines": [
        1,
        4,
        5,
        6
      ],
      "summary": {
        "covered_lines": 4,
        "num_statements": 4,
        "percent_covered": 100.0,
        "percent_covered_display": "100",
        "missing_lines": 0,
        "excluded_lines": 0
      },
      "missing_lines": [],
      "excluded_lines": []
    },
    "users/management/__init__.py": {
      "executed_lines": [
        0
      ],
      "summary": {
        "covered_lines": 0,
        "num_statements": 0,
        "percent_covered": 100.0,
        "percent_covered_display": "100",
        "missing_lines": 0,
        "excluded_lines": 0
      },
      "missing_lines": [],
      "excluded_lines": []
    },
    "users/management/commands/__init__.py": {
      "executed_lines": [
        0
      ],
      "summary": {
        "covered_lines": 0,
        "num_statements": 0,
        "percent_covered": 100.0,
        "percent_covered_display": "100",
        "missing_lines": 0,
        "excluded_lines": 0
      },
      "missing_lines": [],
      "excluded_lines": []
    },
    "users/migrations/0001_initial.py": {
      "executed_lines": [
        3,
        4,
        5,
        6,
        9,
        11,
        13,
        17
      ],
      "summary": {
        "covered_lines": 8,
        "num_statements": 8,
        "percent_covered": 100.0,
        "percent_covered_display": "100",
        "missing_lines": 0,
        "excluded_lines": 0
      },
      "missing_lines": [],
      "excluded_lines": []
    },
    "users/migrations/0002_alter_user_options_remove_user_username_user_avatar_and_more.py": {
      "executed_lines": [
        3,
        6,
        8,
        12
      ],
      "summary": {
        "covered_lines": 4,
        "num_statements": 4,
        "percent_covered": 100.0,
        "percent_covered_display": "100",
        "missing_lines": 0,
        "excluded_lines": 0
      },
      "missing_lines": [],
      "excluded_lines": []
    },
    "users/migrations/0003_user_tg_id.py": {
      "executed_lines": [
        3,
        6,
        8,
        12
      ],
      "summary": {
        "covered_lines": 4,
        "num_statements": 4,
        "percent_covered": 100.0,
        "percent_covered_display": "100",
        "missing_lines": 0,
        "excluded_lines": 0
      },
      "missing_lines": [],
      "excluded_lines": []
    },
    "users/migrations/__init__.py": {
      "executed_lines": [
        0
      ],
      "summary": {
        "covered_lines": 0,
        "num_statements": 0,
        "percent_covered": 100.0,
        "percent_covered_display": "100",
        "missing_lines": 0,
        "excluded_lines": 0
      },
      "missing_lines": [],
      "excluded_lines": []
    },
    "users/models.py": {
      "executed_lines": [
        1,
        2,
        4,
        7,
        8,
        9,
        10,
        11,
        12,
        13,
        15,
        16,
        18,
        21,
        22,
        23
      ],
      "summary": {
        "covered_lines": 16,
        "num_statements": 17,
        "percent_covered": 94.11764705882354,
        "percent_covered_display": "94",
        "missing_lines": 1,
        "excluded_lines": 0
      },
      "missing_lines": [
        19
      ],
      "excluded_lines": []
    },
    "users/permissions.py": {
      "executed_lines": [
        1,
        4,
        5,
        6,
        8
      ],
      "summary": {
        "covered_lines": 5,
        "num_statements": 6,
        "percent_covered": 83.33333333333333,
        "percent_covered_display": "83",
        "missing_lines": 1,
        "excluded_lines": 0
      },
      "missing_lines": [
        7
      ],
      "excluded_lines": []
    },
    "users/serializers.py": {
      "executed_lines": [
        1,
        3,
        6,
        8,
        9,
        10
      ],
      "summary": {
        "covered_lines": 6,
        "num_statements": 6,
        "percent_covered": 100.0,
        "percent_covered_display": "100",
        "missing_lines": 0,
        "excluded_lines": 0
      },
      "missing_lines": [],
      "excluded_lines": []
    },
    "users/tests.py": {
      "executed_lines": [
        1
      ],
      "summary": {
        "covered_lines": 1,
        "num_statements": 1,
        "percent_covered": 100.0,
        "percent_covered_display": "100",
        "missing_lines": 0,
        "excluded_lines": 0
      },
      "missing_lines": [],
      "excluded_lines": []
    },
    "users/urls.py": {
      "executed_lines": [
        1,
        2,
        3,
        5,
        6,
        8,
        10
      ],
      "summary": {
        "covered_lines": 7,
        "num_statements": 7,
        "percent_covered": 100.0,
        "percent_covered_display": "100",
        "missing_lines": 0,
        "excluded_lines": 0
      },
      "missing_lines": [],
      "excluded_lines": []
    },
    "users/views.py": {
      "executed_lines": [
        1,
        2,
        3,
        5,
        6,
        7,
        10,
        11,
        12,
        13,
        15,
        21,
        22,
        23,
        24,
        25,
        28,
        29,
        30,
        31,
        32,
        35,
        36,
        37,
        38,
        39,
        42,
        43,
        44,
        45,
        46
      ],
      "summary": {
        "covered_lines": 26,
        "num_statements": 29,
        "percent_covered": 89.65517241379311,
        "percent_covered_display": "90",
        "missing_lines": 3,
        "excluded_lines": 0
      },
      "missing_lines": [
        16,
        17,
        18
      ],
      "excluded_lines": []
    }
  },
  "totals": {
    "covered_lines": 272,
    "num_statements": 285,
    "percent_covered": 95.43859649122807,
    "percent_covered_display": "95",
    "missing_lines": 13,
    "excluded_lines": 0
  }
}